<?xml version="1.0" encoding="UTF-8"?>
<testsuite name="org.konikapp.konikapp.KonikappApplicationTests" tests="1" skipped="0" failures="0" errors="0" timestamp="2024-09-06T15:30:59" hostname="DESKTOP-S6BC3LU" time="2.649">
  <properties/>
  <testcase name="contextLoads()" classname="org.konikapp.konikapp.KonikappApplicationTests" time="2.649"/>
  <system-out><![CDATA[09:30:10.225 [Test worker] INFO org.springframework.test.context.support.AnnotationConfigContextLoaderUtils -- Could not detect default configuration classes for test class [org.konikapp.konikapp.KonikappApplicationTests]: KonikappApplicationTests does not declare any static, non-private, non-final, nested classes annotated with @Configuration.
09:30:10.761 [Test worker] INFO org.springframework.boot.test.context.SpringBootTestContextBootstrapper -- Found @SpringBootConfiguration org.konikapp.konikapp.KonikappApplication for test class org.konikapp.konikapp.KonikappApplicationTests

  .   ____          _            __ _ _
 /\\ / ___'_ __ _ _(_)_ __  __ _ \ \ \ \
( ( )\___ | '_ | '_| | '_ \/ _` | \ \ \ \
 \\/  ___)| |_)| | | | | || (_| |  ) ) ) )
  '  |____| .__|_| |_|_| |_\__, | / / / /
 =========|_|==============|___/=/_/_/_/

 :: Spring Boot ::                (v3.3.3)

2024-09-06T09:30:14.129-06:00  INFO 176 --- [konikapp] [    Test worker] o.k.konikapp.KonikappApplicationTests    : Starting KonikappApplicationTests using Java 17.0.12 with PID 176 (started by LENOVO in C:\Users\LENOVO\Desktop\Konikapp-fullstack\konikapp)
2024-09-06T09:30:14.132-06:00  INFO 176 --- [konikapp] [    Test worker] o.k.konikapp.KonikappApplicationTests    : No active profile set, falling back to 1 default profile: "default"
2024-09-06T09:30:18.467-06:00  INFO 176 --- [konikapp] [    Test worker] .s.d.r.c.RepositoryConfigurationDelegate : Bootstrapping Spring Data JPA repositories in DEFAULT mode.
2024-09-06T09:30:18.687-06:00  INFO 176 --- [konikapp] [    Test worker] .s.d.r.c.RepositoryConfigurationDelegate : Finished Spring Data repository scanning in 152 ms. Found 2 JPA repository interfaces.
2024-09-06T09:30:22.431-06:00  INFO 176 --- [konikapp] [    Test worker] o.hibernate.jpa.internal.util.LogHelper  : HHH000204: Processing PersistenceUnitInfo [name: default]
2024-09-06T09:30:22.654-06:00  INFO 176 --- [konikapp] [    Test worker] org.hibernate.Version                    : HHH000412: Hibernate ORM core version 6.5.2.Final
2024-09-06T09:30:22.802-06:00  INFO 176 --- [konikapp] [    Test worker] o.h.c.internal.RegionFactoryInitiator    : HHH000026: Second-level cache disabled
2024-09-06T09:30:25.823-06:00  INFO 176 --- [konikapp] [    Test worker] o.s.o.j.p.SpringPersistenceUnitInfo      : No LoadTimeWeaver setup: ignoring JPA class transformer
2024-09-06T09:30:26.324-06:00  INFO 176 --- [konikapp] [    Test worker] com.zaxxer.hikari.HikariDataSource       : HikariPool-1 - Starting...
2024-09-06T09:30:40.646-06:00  INFO 176 --- [konikapp] [    Test worker] com.zaxxer.hikari.pool.HikariPool        : HikariPool-1 - Added connection com.mysql.cj.jdbc.ConnectionImpl@6b0325d0
2024-09-06T09:30:40.673-06:00  INFO 176 --- [konikapp] [    Test worker] com.zaxxer.hikari.HikariDataSource       : HikariPool-1 - Start completed.
2024-09-06T09:30:45.239-06:00  INFO 176 --- [konikapp] [    Test worker] o.h.e.t.j.p.i.JtaPlatformInitiator       : HHH000489: No JTA platform available (set 'hibernate.transaction.jta.platform' to enable JTA platform integration)
2024-09-06T09:30:54.506-06:00  INFO 176 --- [konikapp] [    Test worker] j.LocalContainerEntityManagerFactoryBean : Initialized JPA EntityManagerFactory for persistence unit 'default'
2024-09-06T09:30:55.377-06:00  INFO 176 --- [konikapp] [    Test worker] o.s.d.j.r.query.QueryEnhancerFactory     : Hibernate is in classpath; If applicable, HQL parser will be used.
2024-09-06T09:30:57.591-06:00  WARN 176 --- [konikapp] [    Test worker] JpaBaseConfiguration$JpaWebConfiguration : spring.jpa.open-in-view is enabled by default. Therefore, database queries may be performed during view rendering. Explicitly configure spring.jpa.open-in-view to disable this warning
2024-09-06T09:30:57.680-06:00  INFO 176 --- [konikapp] [    Test worker] o.s.b.a.w.s.WelcomePageHandlerMapping    : Adding welcome page: class path resource [static/index.html]
2024-09-06T09:30:59.292-06:00  INFO 176 --- [konikapp] [    Test worker] o.k.konikapp.KonikappApplicationTests    : Started KonikappApplicationTests in 47.476 seconds (process running for 55.044)
]]></system-out>
  <system-err><![CDATA[]]></system-err>
</testsuite>
